PCAD Importer Log
Project : LM358MX.LibPkg

Section : C:\Users\KOT\AppData\Local\Temp\Rar$DRa12060.30585\LM358MX.lia
    Section : PCB Library - LM358MX.PcbLib
        Section : Load Messages
            Warning - 1 : Skipping Token LM358MX On Line 189
            Warning - 1 : Skipping Token attachedSymbol On Line 296
        EndSection

        Section : Import Messages
        EndSection
    EndSection

    Section : SCH Library - LM358MX.SchLib
        Section : Parsing Messages
            Warning - 1 : Skipping Token padStyleDef On Line 9
            Warning - 1 : Skipping Token multiLayer On Line 84
            Warning - 1 : Skipping Token layerContents On Line 94
            Warning - 1 : Skipping Token layerContents On Line 101
            Warning - 1 : Skipping Token layerContents On Line 144
        EndSection

        Section : Generating SCH Library - LM358MX.SchLib
        EndSection
    EndSection
EndSection
